2018-11-22 15:15:41: 9090端口监听成功！
2018-11-22 15:15:43: 9090端口监听成功！
2018-11-22 15:16:04: 9090端口监听成功！
2018-11-22 15:16:11: 9090端口监听成功！
2018-11-22 15:16:59: 9090端口监听成功！
2018-11-22 15:17:12: 9090端口监听成功！
2018-11-22 15:17:41: 9090端口监听成功！
2018-11-22 15:18:10: 9090端口监听成功！
2018-11-22 15:18:30: 9090端口监听成功！
2018-11-22 15:18:42: 9090端口监听成功！
2018-11-22 15:19:11: 9090端口监听成功！
2018-11-22 15:19:13: GET /LoginStatus
2018-11-22 15:19:40: 9090端口监听成功！
2018-11-22 15:20:06: 9090端口监听成功！
2018-11-22 15:20:08: 9090端口监听成功！
2018-11-22 15:20:11: 9090端口监听成功！
2018-11-22 15:20:12: GET /GetData/hotSpor/0/11
2018-11-22 15:20:12: GET /GetData/expert/0/3
2018-11-22 15:20:12: GET /GetData/startArticle/0/10
2018-11-22 15:20:12: GET /GetData/digitalCurrency/0/10
2018-11-22 15:20:12: GET /GetData/technicalArticle/0/10
2018-11-22 15:20:12: GET /GetData/mediaSection/0/10
2018-11-22 15:20:15: GET /GetData/hotSpor/0/11
2018-11-22 15:20:15: GET /GetData/expert/0/3
2018-11-22 15:20:15: GET /GetData/startArticle/0/10
2018-11-22 15:20:15: GET /GetData/digitalCurrency/0/10
2018-11-22 15:20:15: GET /GetData/technicalArticle/0/10
2018-11-22 15:20:15: GET /GetData/mediaSection/0/10
2018-11-22 15:20:17: GET /GetData/hotSpor/0/11
2018-11-22 15:20:17: GET /GetData/expert/0/3
2018-11-22 15:20:17: GET /GetData/startArticle/0/10
2018-11-22 15:20:17: GET /GetData/digitalCurrency/0/10
2018-11-22 15:20:17: GET /GetData/technicalArticle/0/10
2018-11-22 15:20:17: GET /GetData/mediaSection/0/10
2018-11-22 15:20:41: 9090端口监听成功！
2018-11-22 15:21:11: 9090端口监听成功！
2018-11-22 15:21:17: 9090端口监听成功！
2018-11-22 15:21:18: GET /GetData/hotSpor/0/11
2018-11-22 15:21:18: GET /GetData/expert/0/3
2018-11-22 15:21:18: GET /GetData/startArticle/0/10
2018-11-22 15:21:18: GET /GetData/digitalCurrency/0/10
2018-11-22 15:21:18: GET /GetData/technicalArticle/0/10
2018-11-22 15:21:18: GET /GetData/mediaSection/0/10
2018-11-22 15:21:32: 9090端口监听成功！
2018-11-22 15:21:37: GET /GetData/hotSpor/0/11
2018-11-22 15:21:37: GET /GetData/expert/0/3
2018-11-22 15:21:37: GET /GetData/startArticle/0/10
2018-11-22 15:21:37: GET /GetData/digitalCurrency/0/10
2018-11-22 15:21:37: GET /GetData/technicalArticle/0/10
2018-11-22 15:21:37: GET /GetData/mediaSection/0/10
2018-11-22 15:21:41: 9090端口监听成功！
2018-11-22 15:22:04: GET /LoginStatus
2018-11-22 15:22:11: 9090端口监听成功！
2018-11-22 15:22:12: GET /GetData/hotSpor/0/100
2018-11-22 15:22:32: POST /AcceptData
2018-11-22 15:22:33: 9090端口监听成功！
2018-11-22 15:22:41: 9090端口监听成功！
2018-11-22 15:23:11: 9090端口监听成功！
2018-11-22 15:23:41: 9090端口监听成功！
2018-11-22 15:23:44: 9090端口监听成功！
2018-11-22 15:24:11: 9090端口监听成功！
2018-11-22 15:24:41: 9090端口监听成功！
2018-11-22 15:25:11: 9090端口监听成功！
2018-11-22 15:25:27: GET /GetData/hotSpor/0/11
2018-11-22 15:25:27: GET /GetData/expert/0/3
2018-11-22 15:25:27: GET /GetData/startArticle/0/10
2018-11-22 15:25:27: GET /GetData/digitalCurrency/0/10
2018-11-22 15:25:27: GET /GetData/technicalArticle/0/10
2018-11-22 15:25:27: GET /GetData/mediaSection/0/10
2018-11-22 15:25:29: GET /GetData/hotSpor/0/11
2018-11-22 15:25:29: GET /GetData/expert/0/3
2018-11-22 15:25:29: GET /GetData/startArticle/0/10
2018-11-22 15:25:29: GET /GetData/digitalCurrency/0/10
2018-11-22 15:25:29: GET /GetData/technicalArticle/0/10
2018-11-22 15:25:29: GET /GetData/mediaSection/0/10
2018-11-22 15:25:32: GET /GetData/hotSpor/0/11
2018-11-22 15:25:32: GET /GetData/expert/0/3
2018-11-22 15:25:32: GET /GetData/startArticle/0/10
2018-11-22 15:25:32: GET /GetData/digitalCurrency/0/10
2018-11-22 15:25:32: GET /GetData/technicalArticle/0/10
2018-11-22 15:25:32: GET /GetData/mediaSection/0/10
2018-11-22 15:25:34: GET /GetData/hotSpor/0/11
2018-11-22 15:25:34: GET /GetData/expert/0/3
2018-11-22 15:25:34: GET /GetData/startArticle/0/10
2018-11-22 15:25:34: GET /GetData/digitalCurrency/0/10
2018-11-22 15:25:34: GET /GetData/technicalArticle/0/10
2018-11-22 15:25:34: GET /GetData/mediaSection/0/10
2018-11-22 15:25:36: GET /GetData/hotSpor/0/11
2018-11-22 15:25:36: GET /GetData/expert/0/3
2018-11-22 15:25:36: GET /GetData/startArticle/0/10
2018-11-22 15:25:36: GET /GetData/digitalCurrency/0/10
2018-11-22 15:25:36: GET /GetData/technicalArticle/0/10
2018-11-22 15:25:36: GET /GetData/mediaSection/0/10
2018-11-22 15:25:41: 9090端口监听成功！
2018-11-22 15:26:11: 9090端口监听成功！
2018-11-22 15:26:41: 9090端口监听成功！
2018-11-22 15:27:11: 9090端口监听成功！
2018-11-22 15:27:41: 9090端口监听成功！
2018-11-22 15:28:11: 9090端口监听成功！
2018-11-22 15:28:41: 9090端口监听成功！
2018-11-22 15:29:11: 9090端口监听成功！
2018-11-22 15:29:41: 9090端口监听成功！
2018-11-22 15:30:11: 9090端口监听成功！
2018-11-22 15:30:41: 9090端口监听成功！
2018-11-22 15:31:11: 9090端口监听成功！
2018-11-22 15:31:29: 9090端口监听成功！
2018-11-22 15:32:00: 9090端口监听成功！
2018-11-22 15:35:00: 9090端口监听成功！
2018-11-23 10:12:25: 9090端口监听成功！
2018-11-23 10:17:22: 9090端口监听成功！
2018-11-23 10:24:24: 9090端口监听成功！
2018-11-23 10:25:19: 9090端口监听成功！
2018-11-23 10:25:48: 9090端口监听成功！
2018-11-23 10:26:14: 9090端口监听成功！
2018-11-23 10:26:17: GET /LoginStatus
2018-11-23 10:26:25: GET /GetData/hotSpor/0/11
2018-11-23 10:26:25: GET /GetData/expert/0/3
2018-11-23 10:26:25: GET /GetData/startArticle/0/10
2018-11-23 10:26:25: GET /GetData/digitalCurrency/0/10
2018-11-23 10:26:25: GET /GetData/technicalArticle/0/10
2018-11-23 10:26:25: GET /GetData/mediaSection/0/10
2018-11-23 10:27:53: 9090端口监听成功！
2018-11-23 10:27:59: 9090端口监听成功！
2018-11-23 10:28:02: GET /GetData/hotSpor/0/11
2018-11-23 10:28:02: GET /GetData/expert/0/3
2018-11-23 10:28:02: GET /GetData/startArticle/0/10
2018-11-23 10:28:02: GET /GetData/digitalCurrency/0/10
2018-11-23 10:28:02: GET /GetData/technicalArticle/0/10
2018-11-23 10:28:02: GET /GetData/mediaSection/0/10
2018-11-23 10:28:50: 9090端口监听成功！
2018-11-23 10:28:52: 9090端口监听成功！
2018-11-23 10:29:08: 9090端口监听成功！
2018-11-23 10:29:21: 9090端口监听成功！
2018-11-23 10:29:23: 9090端口监听成功！
2018-11-23 10:29:25: GET /GetData/hotSpor/0/11
2018-11-23 10:29:25: GET /GetData/expert/0/3
2018-11-23 10:29:25: GET /GetData/startArticle/0/10
2018-11-23 10:29:25: GET /GetData/digitalCurrency/0/10
2018-11-23 10:29:25: GET /GetData/technicalArticle/0/10
2018-11-23 10:29:25: GET /GetData/mediaSection/0/10
2018-11-23 10:29:59: 9090端口监听成功！
2018-11-23 10:30:31: 9090端口监听成功！
2018-11-23 10:30:32: 9090端口监听成功！
2018-11-23 10:30:35: GET /GetData/hotSpor/0/11
2018-11-23 10:30:35: GET /GetData/expert/0/3
2018-11-23 10:30:35: GET /GetData/startArticle/0/10
2018-11-23 10:30:35: GET /GetData/digitalCurrency/0/10
2018-11-23 10:30:35: GET /GetData/technicalArticle/0/10
2018-11-23 10:30:35: GET /GetData/mediaSection/0/10
2018-11-23 10:30:58: 9090端口监听成功！
2018-11-23 10:31:12: 9090端口监听成功！
2018-11-23 10:31:33: 9090端口监听成功！
2018-11-23 10:31:41: GET /GetData/hotSpor/0/11
2018-11-23 10:31:41: GET /GetData/expert/0/3
2018-11-23 10:31:41: GET /GetData/startArticle/0/10
2018-11-23 10:31:41: GET /GetData/digitalCurrency/0/10
2018-11-23 10:31:41: GET /GetData/technicalArticle/0/10
2018-11-23 10:31:41: GET /GetData/mediaSection/0/10
2018-11-23 10:32:32: 9090端口监听成功！
2018-11-23 10:32:37: GET /GetData/hotSpor/0/11
2018-11-23 10:32:37: GET /GetData/expert/0/3
2018-11-23 10:32:37: GET /GetData/startArticle/0/10
2018-11-23 10:32:37: GET /GetData/digitalCurrency/0/10
2018-11-23 10:32:37: GET /GetData/technicalArticle/0/10
2018-11-23 10:32:37: GET /GetData/mediaSection/0/10
2018-11-23 10:36:17: 9090端口监听成功！
2018-11-23 10:36:18: 9090端口监听成功！
2018-11-23 10:36:26: GET /GetData/hotSpor/0/11
2018-11-23 10:36:26: GET /GetData/expert/0/3
2018-11-23 10:36:26: GET /GetData/startArticle/0/10
2018-11-23 10:36:26: GET /GetData/digitalCurrency/0/10
2018-11-23 10:36:26: GET /GetData/mediaSection/0/10
2018-11-23 10:36:26: GET /GetData/technicalArticle/0/10
2018-11-23 10:36:43: 9090端口监听成功！
2018-11-23 10:37:02: 9090端口监听成功！
2018-11-23 10:37:05: GET /GetData/hotSpor/0/11
2018-11-23 10:37:05: GET /GetData/expert/0/3
2018-11-23 10:37:05: GET /GetData/startArticle/0/10
2018-11-23 10:37:05: GET /GetData/digitalCurrency/0/10
2018-11-23 10:37:05: GET /GetData/technicalArticle/0/10
2018-11-23 10:37:05: GET /GetData/mediaSection/0/10
2018-11-23 10:40:31: 9090端口监听成功！
2018-11-23 10:40:49: 9090端口监听成功！
2018-11-23 10:41:28: 9090端口监听成功！
2018-11-23 10:41:47: 9090端口监听成功！
2018-11-23 10:42:04: 9090端口监听成功！
2018-11-23 10:42:49: 9090端口监听成功！
2018-11-23 10:42:57: GET /GetData/hotSpor/0/11
2018-11-23 10:42:57: GET /GetData/expert/0/3
2018-11-23 10:42:57: GET /GetData/startArticle/0/10
2018-11-23 10:42:57: GET /GetData/digitalCurrency/0/10
2018-11-23 10:42:57: GET /GetData/technicalArticle/0/10
2018-11-23 10:42:57: GET /GetData/mediaSection/0/10
2018-11-23 10:43:00: GET /GetData/hotSpor/0/11
2018-11-23 10:43:00: GET /GetData/expert/0/3
2018-11-23 10:43:00: GET /GetData/startArticle/0/10
2018-11-23 10:43:00: GET /GetData/digitalCurrency/0/10
2018-11-23 10:43:00: GET /GetData/technicalArticle/0/10
2018-11-23 10:43:00: GET /GetData/mediaSection/0/10
2018-11-23 11:43:33: GET /GetData/hotSpor/0/11
2018-11-23 11:43:33: GET /GetData/expert/0/3
2018-11-23 11:43:33: GET /GetData/startArticle/0/10
2018-11-23 11:43:33: GET /GetData/digitalCurrency/0/10
2018-11-23 11:43:33: GET /GetData/technicalArticle/0/10
2018-11-23 11:43:33: GET /GetData/mediaSection/0/10
2018-11-23 11:44:33: 9090端口监听成功！
2018-11-23 11:45:21: 9090端口监听成功！
2018-11-23 11:45:46: 9090端口监听成功！
2018-11-23 11:47:46: GET /GetData/hotSpor/0/11
2018-11-23 11:47:46: GET /GetData/expert/0/3
2018-11-23 11:47:46: GET /GetData/startArticle/0/10
2018-11-23 11:47:46: GET /GetData/digitalCurrency/0/10
2018-11-23 11:47:46: GET /GetData/technicalArticle/0/10
2018-11-23 11:47:46: GET /GetData/mediaSection/0/10
2018-11-23 11:47:49: GET /GetData/hotSpor/0/11
2018-11-23 11:47:49: GET /GetData/expert/0/3
2018-11-23 11:47:49: GET /GetData/startArticle/0/10
2018-11-23 11:47:49: GET /GetData/digitalCurrency/0/10
2018-11-23 11:47:49: GET /GetData/technicalArticle/0/10
2018-11-23 11:47:49: GET /GetData/mediaSection/0/10
2018-11-23 11:48:55: GET /LoginStatus
2018-11-23 11:48:55: GET /captcha
2018-11-23 11:48:55: 17
2018-11-23 11:48:55: 1542944935219
2018-11-23 11:48:55: GET /favicon.ico
2018-11-23 11:48:59: POST /logIn
2018-11-23 11:48:59: GET /favicon.ico
2018-11-23 11:49:01: GET /favicon.ico
2018-11-23 11:49:01: GET /GetData/digitalCurrency/0/100
2018-11-23 11:49:02: GET /favicon.ico
2018-11-23 11:49:03: GET /GetData/expert/0/100
2018-11-23 11:49:57: POST /AcceptData
2018-11-23 11:50:01: GET /GetData/hotSpor/0/11
2018-11-23 11:50:01: GET /GetData/expert/0/3
2018-11-23 11:50:01: GET /GetData/startArticle/0/10
2018-11-23 11:50:01: GET /GetData/digitalCurrency/0/10
2018-11-23 11:50:01: GET /GetData/technicalArticle/0/10
2018-11-23 11:50:01: GET /GetData/mediaSection/0/10
2018-11-23 11:50:17: GET /GetData/hotSpor/0/11
2018-11-23 11:50:17: GET /GetData/expert/0/3
2018-11-23 11:50:17: GET /GetData/startArticle/0/10
2018-11-23 11:50:17: GET /GetData/digitalCurrency/0/10
2018-11-23 11:50:17: GET /GetData/technicalArticle/0/10
2018-11-23 11:50:17: GET /GetData/mediaSection/0/10
2018-11-23 12:05:53: 9090端口监听成功！
2018-11-23 12:06:16: 9090端口监听成功！
2018-11-23 12:06:37: GET /GetData/hotSpor/0/11
2018-11-23 12:06:37: GET /GetData/expert/0/3
2018-11-23 12:06:37: GET /GetData/startArticle/0/10
2018-11-23 12:06:37: GET /GetData/digitalCurrency/0/10
2018-11-23 12:06:37: GET /GetData/technicalArticle/0/10
2018-11-23 12:06:37: GET /GetData/mediaSection/0/10
2018-11-23 12:10:42: 9090端口监听成功！
2018-11-23 12:10:45: GET /GetData/hotSpor/0/11
2018-11-23 12:10:45: GET /GetData/expert/0/3
2018-11-23 12:10:45: GET /GetData/startArticle/0/10
2018-11-23 12:10:45: GET /GetData/digitalCurrency/0/10
2018-11-23 12:10:45: GET /GetData/technicalArticle/0/10
2018-11-23 12:10:45: GET /GetData/mediaSection/0/10
2018-11-23 12:10:47: GET /GetData/hotSpor/0/11
2018-11-23 12:10:47: GET /GetData/expert/0/3
2018-11-23 12:10:47: GET /GetData/startArticle/0/10
2018-11-23 12:10:47: GET /GetData/digitalCurrency/0/10
2018-11-23 12:10:47: GET /GetData/technicalArticle/0/10
2018-11-23 12:10:47: GET /GetData/mediaSection/0/10
2018-11-23 12:12:00: 9090端口监听成功！
2018-11-23 12:12:02: GET /GetData/hotSpor/0/11
2018-11-23 12:12:02: GET /GetData/expert/0/3
2018-11-23 12:12:02: GET /GetData/startArticle/0/10
2018-11-23 12:12:02: GET /GetData/digitalCurrency/0/10
2018-11-23 12:12:02: GET /GetData/technicalArticle/0/10
2018-11-23 12:12:02: GET /GetData/mediaSection/0/10
2018-11-23 12:12:28: 9090端口监听成功！
2018-11-23 12:12:31: 9090端口监听成功！
2018-11-23 12:12:35: 9090端口监听成功！
2018-11-23 12:12:46: 9090端口监听成功！
2018-11-23 12:12:48: GET /GetData/hotSpor/0/11
2018-11-23 12:12:48: GET /GetData/expert/0/3
2018-11-23 12:12:48: GET /GetData/startArticle/0/10
2018-11-23 12:12:48: GET /GetData/digitalCurrency/0/10
2018-11-23 12:12:48: GET /GetData/technicalArticle/0/10
2018-11-23 12:12:48: GET /GetData/mediaSection/0/10
2018-11-23 12:13:58: 9090端口监听成功！
2018-11-23 12:14:01: GET /GetData/hotSpor/0/11
2018-11-23 12:14:01: GET /GetData/expert/0/3
2018-11-23 12:14:01: GET /GetData/startArticle/0/10
2018-11-23 12:14:01: GET /GetData/digitalCurrency/0/10
2018-11-23 12:14:01: GET /GetData/technicalArticle/0/10
2018-11-23 12:14:01: GET /GetData/mediaSection/0/10
2018-11-23 12:14:04: GET /GetData/hotSpor/0/11
2018-11-23 12:14:04: GET /GetData/expert/0/3
2018-11-23 12:14:04: GET /GetData/startArticle/0/10
2018-11-23 12:14:04: GET /GetData/digitalCurrency/0/10
2018-11-23 12:14:04: GET /GetData/technicalArticle/0/10
2018-11-23 12:14:04: GET /GetData/mediaSection/0/10
2018-11-23 12:17:33: 9090端口监听成功！
2018-11-23 12:17:37: 9090端口监听成功！
2018-11-23 12:17:51: 9090端口监听成功！
2018-11-23 12:17:53: GET /GetData/hotSpor/0/11
2018-11-23 12:17:53: GET /GetData/expert/0/3
2018-11-23 12:17:53: GET /GetData/startArticle/0/10
2018-11-23 12:17:53: GET /GetData/digitalCurrency/0/10
2018-11-23 12:17:53: GET /GetData/technicalArticle/0/10
2018-11-23 12:17:53: GET /GetData/mediaSection/0/10
2018-11-23 12:19:23: 9090端口监听成功！
2018-11-23 12:19:27: GET /GetData/hotSpor/0/11
2018-11-23 12:19:27: GET /GetData/expert/0/3
2018-11-23 12:19:27: GET /GetData/startArticle/0/10
2018-11-23 12:19:27: GET /GetData/digitalCurrency/0/10
2018-11-23 12:19:27: GET /GetData/technicalArticle/0/10
2018-11-23 12:19:27: GET /GetData/mediaSection/0/10
2018-11-23 12:20:04: 9090端口监听成功！
2018-11-23 12:20:09: 9090端口监听成功！
2018-11-23 12:20:12: GET /GetData/hotSpor/0/11
2018-11-23 12:20:12: GET /GetData/expert/0/3
2018-11-23 12:20:12: GET /GetData/startArticle/0/10
2018-11-23 12:20:12: GET /GetData/digitalCurrency/0/10
2018-11-23 12:20:12: GET /GetData/technicalArticle/0/10
2018-11-23 12:20:12: GET /GetData/mediaSection/0/10
2018-11-23 12:21:53: 9090端口监听成功！
2018-11-23 12:21:56: GET /GetData/hotSpor/0/11
2018-11-23 12:21:56: GET /GetData/expert/0/3
2018-11-23 12:21:56: GET /GetData/startArticle/0/10
2018-11-23 12:21:56: GET /GetData/digitalCurrency/0/10
2018-11-23 12:21:56: GET /GetData/technicalArticle/0/10
2018-11-23 12:21:56: GET /GetData/mediaSection/0/10
2018-11-23 12:25:18: GET /GetData/hotSpor/0/11
2018-11-23 12:25:18: GET /GetData/expert/0/3
2018-11-23 12:25:18: GET /GetData/startArticle/0/10
2018-11-23 12:25:18: GET /GetData/digitalCurrency/0/10
2018-11-23 12:25:18: GET /GetData/technicalArticle/0/10
2018-11-23 12:25:18: GET /GetData/mediaSection/0/10
2018-11-23 14:22:39: GET /GetData/hotSpor/0/11
2018-11-23 14:22:39: GET /GetData/expert/0/3
2018-11-23 14:22:39: GET /GetData/startArticle/0/10
2018-11-23 14:22:39: GET /GetData/digitalCurrency/0/10
2018-11-23 14:22:39: GET /GetData/technicalArticle/0/10
2018-11-23 14:22:39: GET /GetData/mediaSection/0/10
2018-11-23 14:23:11: GET /LoginStatus
2018-11-23 14:23:12: GET /favicon.ico
2018-11-23 14:23:13: GET /favicon.ico
2018-11-23 14:23:14: GET /GetData/expert/0/100
2018-11-23 14:59:59: 9090端口监听成功！
2018-11-23 15:23:30: 9090端口监听成功！
2018-11-23 15:23:33: 9090端口监听成功！
2018-11-23 15:23:38: 9090端口监听成功！
2018-11-23 15:24:47: 9090端口监听成功！
2018-11-23 15:24:51: 9090端口监听成功！
2018-11-23 15:24:52: 9090端口监听成功！
2018-11-23 15:38:21: 9090端口监听成功！
2018-11-23 15:40:31: 9090端口监听成功！
2018-11-23 15:40:40: 9090端口监听成功！
2018-11-23 15:46:17: 9090端口监听成功！
2018-11-23 15:46:18: 9090端口监听成功！
2018-11-23 15:46:21: 9090端口监听成功！
2018-11-23 15:48:33: 9090端口监听成功！
2018-11-23 15:49:32: 9090端口监听成功！
2018-11-23 15:49:47: 9090端口监听成功！
2018-11-23 15:50:04: 9090端口监听成功！
2018-11-23 15:57:13: 9090端口监听成功！
2018-11-23 15:57:52: 9090端口监听成功！
2018-11-23 15:58:11: 9090端口监听成功！
2018-11-23 16:05:50: 9090端口监听成功！
2018-11-23 16:05:55: 9090端口监听成功！
2018-11-23 16:05:56: GET /home/expert
2018-11-23 16:05:57: GET /favicon.ico
2018-11-23 16:06:16: 9090端口监听成功！
2018-11-23 16:06:16: GET /home/expert
2018-11-23 16:06:18: GET /favicon.ico
2018-11-23 16:06:41: 9090端口监听成功！
2018-11-23 16:06:44: 9090端口监听成功！
2018-11-23 16:06:44: GET /home/expert
2018-11-23 16:06:45: GET /LoginStatus
2018-11-23 16:06:46: GET /favicon.ico
2018-11-23 16:07:53: 9090端口监听成功！
2018-11-23 16:07:53: GET /home
2018-11-23 16:07:55: GET /LoginStatus
2018-11-23 16:07:55: GET /favicon.ico
2018-11-23 16:10:22: GET /home
2018-11-23 16:10:23: GET /LoginStatus
2018-11-23 16:10:23: GET /favicon.ico
2018-11-23 16:12:08: 9090端口监听成功！
2018-11-23 16:12:40: 9090端口监听成功！
2018-11-23 16:13:04: 9090端口监听成功！
2018-11-23 16:13:17: 9090端口监听成功！
2018-11-23 16:13:27: 9090端口监听成功！
2018-11-23 16:13:31: 9090端口监听成功！
2018-11-23 16:13:57: 9090端口监听成功！
2018-11-23 16:13:57: GET /home
2018-11-23 16:13:58: GET /LoginStatus
2018-11-23 16:13:59: GET /favicon.ico
2018-11-23 16:14:04: 9090端口监听成功！
2018-11-23 16:14:04: GET /home
2018-11-23 16:14:05: GET /LoginStatus
2018-11-23 16:14:06: GET /favicon.ico
2018-11-23 16:15:39: 9090端口监听成功！
2018-11-23 16:15:52: 9090端口监听成功！
2018-11-23 16:15:54: 9090端口监听成功！
2018-11-23 16:15:54: GET /home
2018-11-23 16:15:55: GET /LoginStatus
2018-11-23 16:15:55: GET /favicon.ico
2018-11-23 16:16:11: 9090端口监听成功！
2018-11-23 16:16:13: 9090端口监听成功！
2018-11-23 16:16:13: GET /home
2018-11-23 16:16:15: GET /LoginStatus
2018-11-23 16:16:15: GET /favicon.ico
2018-11-23 16:16:56: 9090端口监听成功！
2018-11-23 16:16:56: GET /home
2018-11-23 16:16:57: GET /LoginStatus
2018-11-23 16:16:58: GET /favicon.ico
2018-11-23 16:17:52: 9090端口监听成功！
2018-11-23 16:17:54: 9090端口监听成功！
2018-11-23 16:17:54: GET /home
2018-11-23 16:17:55: GET /LoginStatus
2018-11-23 16:17:56: GET /favicon.ico
2018-11-23 16:18:10: 9090端口监听成功！
2018-11-23 16:18:11: 9090端口监听成功！
2018-11-23 16:18:11: GET /home
2018-11-23 16:18:13: GET /LoginStatus
2018-11-23 16:18:13: GET /favicon.ico
2018-11-23 16:18:25: 9090端口监听成功！
2018-11-23 16:18:27: 9090端口监听成功！
2018-11-23 16:18:27: GET /home
2018-11-23 16:18:28: GET /LoginStatus
2018-11-23 16:18:28: GET /favicon.ico
2018-11-23 16:18:32: GET /favicon.ico
2018-11-23 16:18:35: GET /favicon.ico
2018-11-23 16:18:35: GET /GetData/hotSpor/0/100
2018-11-23 16:18:38: GET /favicon.ico
2018-11-23 16:19:19: 9090端口监听成功！
2018-11-23 16:20:33: 9090端口监听成功！
2018-11-23 16:20:34: GET /home/clickBox
2018-11-23 16:20:35: GET /LoginStatus
2018-11-23 16:20:36: GET /favicon.ico
2018-11-23 16:20:37: GET /favicon.ico
2018-11-23 16:22:08: 9090端口监听成功！
2018-11-23 16:25:13: 9090端口监听成功！
2018-11-23 16:30:54: 9090端口监听成功！
2018-11-23 16:32:47: 9090端口监听成功！
2018-11-23 16:33:39: 9090端口监听成功！
2018-11-23 16:37:05: GET /home/clickBox
2018-11-23 16:37:06: GET /LoginStatus
2018-11-23 16:37:06: GET /favicon.ico
2018-11-23 16:37:07: GET /favicon.ico
2018-11-23 16:37:08: GET /GetClickData
2018-11-23 16:38:13: GET /home/clickBox
2018-11-23 16:38:15: GET /LoginStatus
2018-11-23 16:38:15: GET /favicon.ico
2018-11-26 17:35:08: 9090端口监听成功！
2018-11-26 17:35:21: GET /GetData/hotSpor/0/11
2018-11-26 17:35:21: GET /GetData/expert/0/2
2018-11-26 17:35:21: GET /GetData/startArticle/0/10
2018-11-26 17:35:21: GET /GetData/digitalCurrency/0/10
2018-11-26 17:35:21: GET /GetData/technicalArticle/0/10
2018-11-26 17:35:21: GET /GetData/mediaSection/0/10
2018-11-26 17:35:35: POST /subClick
2018-11-26 17:35:36: POST /subClick
2018-11-26 17:35:38: POST /subClick
2018-11-26 17:35:44: 9090端口监听成功！
2018-11-26 17:36:54: POST /subClick
2018-11-26 17:37:04: POST /subClick
2018-11-26 17:37:05: POST /subClick
2018-11-26 17:37:07: POST /subClick
2018-11-26 17:37:08: POST /subClick
2018-11-26 17:37:14: 9090端口监听成功！
2018-11-26 17:37:14: POST /subClick
2018-11-26 17:37:15: POST /subClick
2018-11-26 17:39:29: 9090端口监听成功！
2018-11-26 17:39:55: POST /subClick
2018-11-26 17:39:59: POST /subClick
2018-11-26 17:40:04: 9090端口监听成功！
2018-11-26 17:41:16: 9090端口监听成功！
2018-11-26 17:49:38: POST /subClick
2018-11-26 17:49:41: POST /subClick
2018-11-26 17:49:43: 9090端口监听成功！
2018-11-26 17:49:43: POST /subClick
2018-11-26 17:49:47: POST /subClick
2018-11-26 17:49:50: POST /subClick
2018-11-26 17:49:54: POST /subClick
2018-11-26 17:50:06: POST /subClick
2018-11-26 17:53:28: 9090端口监听成功！
2018-11-26 17:54:36: 9090端口监听成功！
2018-11-26 17:54:51: 9090端口监听成功！
2018-11-26 17:54:54: 9090端口监听成功！
2018-11-26 17:55:01: 9090端口监听成功！
2018-11-26 17:59:49: 9090端口监听成功！
2018-11-26 18:00:05: 9090端口监听成功！
2018-11-26 18:06:16: 9090端口监听成功！
2018-11-26 18:06:21: GET /GetData/expert/0/2
2018-11-26 18:06:21: GET /GetData/hotSpor/0/11
2018-11-26 18:06:21: GET /GetData/startArticle/0/10
2018-11-26 18:06:21: GET /GetData/digitalCurrency/0/10
2018-11-26 18:06:21: GET /GetData/technicalArticle/0/10
2018-11-26 18:06:21: GET /GetData/mediaSection/0/10
2018-11-26 18:06:23: POST /subClick
2018-11-26 18:06:24: POST /subClick
2018-11-26 18:06:25: POST /subClick
2018-11-26 18:06:30: 9090端口监听成功！
2018-11-26 18:06:30: POST /subClick
2018-11-26 18:06:30: POST /subClick
2018-11-26 18:06:33: 9090端口监听成功！
2018-11-26 18:06:33: POST /subClick
2018-11-26 18:06:33: POST /subClick
2018-11-26 18:06:36: 9090端口监听成功！
2018-11-26 18:06:36: POST /subClick
2018-11-26 18:06:38: POST /subClick
2018-11-26 18:06:45: POST /subClick
2018-11-26 18:06:48: 9090端口监听成功！
2018-11-26 18:06:49: POST /subClick
2018-11-26 18:06:51: POST /subClick
2018-11-26 18:06:52: POST /subClick
2018-11-26 18:06:54: POST /subClick
2018-11-26 18:06:56: POST /subClick
2018-11-26 18:06:57: POST /subClick
2018-11-26 18:07:00: 9090端口监听成功！
2018-11-26 18:07:11: 9090端口监听成功！
2018-11-26 18:07:21: GET /GetData/hotSpor/0/11
2018-11-26 18:07:21: GET /GetData/expert/0/2
2018-11-26 18:07:21: GET /GetData/startArticle/0/10
2018-11-26 18:07:21: GET /GetData/digitalCurrency/0/10
2018-11-26 18:07:21: GET /GetData/technicalArticle/0/10
2018-11-26 18:07:21: GET /GetData/mediaSection/0/10
2018-11-26 18:07:22: POST /subClick
2018-11-26 18:07:26: 9090端口监听成功！
2018-11-26 18:07:38: GET /GetData/hotSpor/0/11
2018-11-26 18:07:38: GET /GetData/expert/0/2
2018-11-26 18:07:38: GET /GetData/startArticle/0/10
2018-11-26 18:07:38: GET /GetData/digitalCurrency/0/10
2018-11-26 18:07:38: GET /GetData/technicalArticle/0/10
2018-11-26 18:07:38: GET /GetData/mediaSection/0/10
2018-11-26 18:07:41: GET /GetData/hotSpor/0/11
2018-11-26 18:07:41: GET /GetData/expert/0/2
2018-11-26 18:07:41: GET /GetData/startArticle/0/10
2018-11-26 18:07:41: GET /GetData/digitalCurrency/0/10
2018-11-26 18:07:41: GET /GetData/technicalArticle/0/10
2018-11-26 18:07:41: GET /GetData/mediaSection/0/10
2018-11-26 18:07:43: POST /subClick
2018-11-26 18:07:45: POST /subClick
2018-11-26 18:07:48: POST /subClick
2018-11-26 18:07:50: POST /subClick
2018-11-26 18:07:53: POST /subClick
2018-11-26 18:07:58: POST /subClick
2018-11-26 18:08:00: POST /subClick
2018-11-26 18:08:02: POST /subClick
2018-11-26 18:08:04: POST /subClick
2018-11-26 18:20:33: GET /home/clickBox
2018-11-26 18:20:34: GET /LoginStatus
2018-11-26 18:20:35: GET /favicon.ico
2018-11-26 18:20:35: GET /favicon.ico
2018-11-26 18:20:36: GET /GetData/digitalCurrency/0/100
2018-11-26 18:20:37: GET /favicon.ico
2018-11-26 18:20:38: GET /GetData/hotSpor/0/100
2018-11-26 18:20:39: GET /favicon.ico
2018-11-26 18:20:40: GET /GetClickData/sum/one/0/100
2018-11-26 18:21:10: 9090端口监听成功！
2018-11-26 18:21:38: GET /GetClickData/hotSpor/all/0/100
2018-11-26 18:22:57: 9090端口监听成功！
2018-11-26 18:26:55: 9090端口监听成功！
2018-11-26 18:28:11: 9090端口监听成功！
